Determining if the pthread_create exist failed with the following output:
Change Dir: /home/shenao/osm-bundler/p4-clothsim-zsano1/cmake-build-debug/CMakeFiles/CMakeTmp

Run Build Command:"/usr/bin/make" "cmTC_e5823/fast"
/usr/bin/make -f CMakeFiles/cmTC_e5823.dir/build.make CMakeFiles/cmTC_e5823.dir/build
make[1]: 进入目录“/home/shenao/osm-bundler/p4-clothsim-zsano1/cmake-build-debug/CMakeFiles/CMakeTmp”
Building C object CMakeFiles/cmTC_e5823.dir/CheckSymbolExists.c.o
/usr/bin/cc    -o CMakeFiles/cmTC_e5823.dir/CheckSymbolExists.c.o   -c /home/shenao/osm-bundler/p4-clothsim-zsano1/cmake-build-debug/CMakeFiles/CMakeTmp/CheckSymbolExists.c
Linking C executable cmTC_e5823
/home/shenao/下载/clion-2018.3.3/bin/cmake/linux/bin/cmake -E cmake_link_script CMakeFiles/cmTC_e5823.dir/link.txt --verbose=1
/usr/bin/cc      -rdynamic CMakeFiles/cmTC_e5823.dir/CheckSymbolExists.c.o  -o cmTC_e5823 
CMakeFiles/cmTC_e5823.dir/CheckSymbolExists.c.o：在函数‘main’中：
CheckSymbolExists.c:(.text+0x1b)：对‘pthread_create’未定义的引用
collect2: error: ld returned 1 exit status
CMakeFiles/cmTC_e5823.dir/build.make:86: recipe for target 'cmTC_e5823' failed
make[1]: *** [cmTC_e5823] Error 1
make[1]: 离开目录“/home/shenao/osm-bundler/p4-clothsim-zsano1/cmake-build-debug/CMakeFiles/CMakeTmp”
Makefile:121: recipe for target 'cmTC_e5823/fast' failed
make: *** [cmTC_e5823/fast] Error 2

File /home/shenao/osm-bundler/p4-clothsim-zsano1/cmake-build-debug/CMakeFiles/CMakeTmp/CheckSymbolExists.c:
/* */
#include <pthread.h>

int main(int argc, char** argv)
{
  (void)argv;
#ifndef pthread_create
  return ((int*)(&pthread_create))[argc];
#else
  (void)argc;
  return 0;
#endif
}

Determining if the function pthread_create exists in the pthreads failed with the following output:
Change Dir: /home/shenao/osm-bundler/p4-clothsim-zsano1/cmake-build-debug/CMakeFiles/CMakeTmp

Run Build Command:"/usr/bin/make" "cmTC_26567/fast"
/usr/bin/make -f CMakeFiles/cmTC_26567.dir/build.make CMakeFiles/cmTC_26567.dir/build
make[1]: 进入目录“/home/shenao/osm-bundler/p4-clothsim-zsano1/cmake-build-debug/CMakeFiles/CMakeTmp”
Building C object CMakeFiles/cmTC_26567.dir/CheckFunctionExists.c.o
/usr/bin/cc   -DCHECK_FUNCTION_EXISTS=pthread_create   -o CMakeFiles/cmTC_26567.dir/CheckFunctionExists.c.o   -c /home/shenao/下载/clion-2018.3.3/bin/cmake/linux/share/cmake-3.13/Modules/CheckFunctionExists.c
Linking C executable cmTC_26567
/home/shenao/下载/clion-2018.3.3/bin/cmake/linux/bin/cmake -E cmake_link_script CMakeFiles/cmTC_26567.dir/link.txt --verbose=1
/usr/bin/cc  -DCHECK_FUNCTION_EXISTS=pthread_create    -rdynamic CMakeFiles/cmTC_26567.dir/CheckFunctionExists.c.o  -o cmTC_26567 -lpthreads 
/usr/bin/ld: 找不到 -lpthreads
collect2: error: ld returned 1 exit status
CMakeFiles/cmTC_26567.dir/build.make:86: recipe for target 'cmTC_26567' failed
make[1]: *** [cmTC_26567] Error 1
make[1]: 离开目录“/home/shenao/osm-bundler/p4-clothsim-zsano1/cmake-build-debug/CMakeFiles/CMakeTmp”
Makefile:121: recipe for target 'cmTC_26567/fast' failed
make: *** [cmTC_26567/fast] Error 2


